0 info it worked if it ends with ok
1 verbose cli [ 'C:\\Program Files\\nodejs\\node.exe',
1 verbose cli   'C:\\Users\\Zach\\AppData\\Roaming\\npm\\node_modules\\npm\\bin\\npm-cli.js',
1 verbose cli   'install',
1 verbose cli   '--save',
1 verbose cli   'bcrypt-as-promised' ]
2 info using npm@3.10.10
3 info using node@v8.9.1
4 silly loadCurrentTree Starting
5 silly install loadCurrentTree
6 silly install readLocalPackageData
7 silly fetchPackageMetaData bcrypt-as-promised
8 silly fetchNamedPackageData bcrypt-as-promised
9 silly mapToRegistry name bcrypt-as-promised
10 silly mapToRegistry using default registry
11 silly mapToRegistry registry https://registry.npmjs.org/
12 silly mapToRegistry data Result {
12 silly mapToRegistry   raw: 'bcrypt-as-promised',
12 silly mapToRegistry   scope: null,
12 silly mapToRegistry   escapedName: 'bcrypt-as-promised',
12 silly mapToRegistry   name: 'bcrypt-as-promised',
12 silly mapToRegistry   rawSpec: '',
12 silly mapToRegistry   spec: 'latest',
12 silly mapToRegistry   type: 'tag' }
13 silly mapToRegistry uri https://registry.npmjs.org/bcrypt-as-promised
14 verbose request uri https://registry.npmjs.org/bcrypt-as-promised
15 verbose request no auth needed
16 info attempt registry request try #1 at 14:06:23
17 verbose request id 938bf3c41d6d58be
18 verbose etag W/"59897a1c-14a1"
19 verbose lastModified Tue, 08 Aug 2017 08:45:16 GMT
20 http request GET https://registry.npmjs.org/bcrypt-as-promised
21 http 304 https://registry.npmjs.org/bcrypt-as-promised
22 verbose headers { date: 'Mon, 04 Dec 2017 19:06:25 GMT',
22 verbose headers   via: '1.1 varnish',
22 verbose headers   'cache-control': 'max-age=300',
22 verbose headers   etag: 'W/"59897a1c-14a1"',
22 verbose headers   age: '230',
22 verbose headers   connection: 'keep-alive',
22 verbose headers   'x-served-by': 'cache-iad2623-IAD',
22 verbose headers   'x-cache': 'HIT',
22 verbose headers   'x-cache-hits': '1',
22 verbose headers   'x-timer': 'S1512414386.833029,VS0,VE0',
22 verbose headers   vary: 'Accept-Encoding, Accept' }
23 silly get cb [ 304,
23 silly get   { date: 'Mon, 04 Dec 2017 19:06:25 GMT',
23 silly get     via: '1.1 varnish',
23 silly get     'cache-control': 'max-age=300',
23 silly get     etag: 'W/"59897a1c-14a1"',
23 silly get     age: '230',
23 silly get     connection: 'keep-alive',
23 silly get     'x-served-by': 'cache-iad2623-IAD',
23 silly get     'x-cache': 'HIT',
23 silly get     'x-cache-hits': '1',
23 silly get     'x-timer': 'S1512414386.833029,VS0,VE0',
23 silly get     vary: 'Accept-Encoding, Accept' } ]
24 verbose etag https://registry.npmjs.org/bcrypt-as-promised from cache
25 verbose get saving bcrypt-as-promised to C:\Users\Zach\AppData\Roaming\npm-cache\registry.npmjs.org\bcrypt-as-promised\.cache.json
26 verbose correctMkdir C:\Users\Zach\AppData\Roaming\npm-cache correctMkdir not in flight; initializing
27 silly install normalizeTree
28 silly loadCurrentTree Finishing
29 silly loadIdealTree Starting
30 silly install loadIdealTree
31 silly cloneCurrentTree Starting
32 silly install cloneCurrentTreeToIdealTree
33 silly cloneCurrentTree Finishing
34 silly loadShrinkwrap Starting
35 silly install loadShrinkwrap
36 silly loadShrinkwrap Finishing
37 silly loadAllDepsIntoIdealTree Starting
38 silly install loadAllDepsIntoIdealTree
39 silly resolveWithNewModule bcrypt-as-promised@1.1.0 checking installable status
40 silly cache add args [ 'bcrypt-as-promised', null ]
41 verbose cache add spec bcrypt-as-promised
42 silly cache add parsed spec Result {
42 silly cache add   raw: 'bcrypt-as-promised',
42 silly cache add   scope: null,
42 silly cache add   escapedName: 'bcrypt-as-promised',
42 silly cache add   name: 'bcrypt-as-promised',
42 silly cache add   rawSpec: '',
42 silly cache add   spec: 'latest',
42 silly cache add   type: 'tag' }
43 silly addNamed bcrypt-as-promised@latest
44 verbose addNamed "latest" is being treated as a dist-tag for bcrypt-as-promised
45 info addNameTag [ 'bcrypt-as-promised', 'latest' ]
46 silly mapToRegistry name bcrypt-as-promised
47 silly mapToRegistry using default registry
48 silly mapToRegistry registry https://registry.npmjs.org/
49 silly mapToRegistry data Result {
49 silly mapToRegistry   raw: 'bcrypt-as-promised',
49 silly mapToRegistry   scope: null,
49 silly mapToRegistry   escapedName: 'bcrypt-as-promised',
49 silly mapToRegistry   name: 'bcrypt-as-promised',
49 silly mapToRegistry   rawSpec: '',
49 silly mapToRegistry   spec: 'latest',
49 silly mapToRegistry   type: 'tag' }
50 silly mapToRegistry uri https://registry.npmjs.org/bcrypt-as-promised
51 verbose addNameTag registry:https://registry.npmjs.org/bcrypt-as-promised not in flight; fetching
52 verbose get https://registry.npmjs.org/bcrypt-as-promised not expired, no request
53 silly addNameTag next cb for bcrypt-as-promised with tag latest
54 silly addNamed bcrypt-as-promised@1.1.0
55 verbose addNamed "1.1.0" is a plain semver version for bcrypt-as-promised
56 silly cache afterAdd bcrypt-as-promised@1.1.0
57 verbose afterAdd C:\Users\Zach\AppData\Roaming\npm-cache\bcrypt-as-promised\1.1.0\package\package.json not in flight; writing
58 verbose correctMkdir C:\Users\Zach\AppData\Roaming\npm-cache correctMkdir not in flight; initializing
59 verbose afterAdd C:\Users\Zach\AppData\Roaming\npm-cache\bcrypt-as-promised\1.1.0\package\package.json written
60 silly fetchNamedPackageData bcrypt
61 silly mapToRegistry name bcrypt
62 silly mapToRegistry using default registry
63 silly mapToRegistry registry https://registry.npmjs.org/
64 silly mapToRegistry data Result {
64 silly mapToRegistry   raw: 'bcrypt',
64 silly mapToRegistry   scope: null,
64 silly mapToRegistry   escapedName: 'bcrypt',
64 silly mapToRegistry   name: 'bcrypt',
64 silly mapToRegistry   rawSpec: '',
64 silly mapToRegistry   spec: 'latest',
64 silly mapToRegistry   type: 'tag' }
65 silly mapToRegistry uri https://registry.npmjs.org/bcrypt
66 verbose request uri https://registry.npmjs.org/bcrypt
67 verbose request no auth needed
68 info attempt registry request try #1 at 14:06:24
69 verbose etag W/"5a1e0a54-18071"
70 verbose lastModified Wed, 29 Nov 2017 01:16:04 GMT
71 http request GET https://registry.npmjs.org/bcrypt
72 http 304 https://registry.npmjs.org/bcrypt
73 verbose headers { date: 'Mon, 04 Dec 2017 19:06:26 GMT',
73 verbose headers   via: '1.1 varnish',
73 verbose headers   'cache-control': 'max-age=300',
73 verbose headers   etag: 'W/"5a1e0a54-18071"',
73 verbose headers   age: '67',
73 verbose headers   connection: 'keep-alive',
73 verbose headers   'x-served-by': 'cache-iad2623-IAD',
73 verbose headers   'x-cache': 'HIT',
73 verbose headers   'x-cache-hits': '1',
73 verbose headers   'x-timer': 'S1512414387.561118,VS0,VE1',
73 verbose headers   vary: 'Accept-Encoding, Accept' }
74 silly get cb [ 304,
74 silly get   { date: 'Mon, 04 Dec 2017 19:06:26 GMT',
74 silly get     via: '1.1 varnish',
74 silly get     'cache-control': 'max-age=300',
74 silly get     etag: 'W/"5a1e0a54-18071"',
74 silly get     age: '67',
74 silly get     connection: 'keep-alive',
74 silly get     'x-served-by': 'cache-iad2623-IAD',
74 silly get     'x-cache': 'HIT',
74 silly get     'x-cache-hits': '1',
74 silly get     'x-timer': 'S1512414387.561118,VS0,VE1',
74 silly get     vary: 'Accept-Encoding, Accept' } ]
75 verbose etag https://registry.npmjs.org/bcrypt from cache
76 verbose get saving bcrypt to C:\Users\Zach\AppData\Roaming\npm-cache\registry.npmjs.org\bcrypt\.cache.json
77 verbose correctMkdir C:\Users\Zach\AppData\Roaming\npm-cache correctMkdir not in flight; initializing
78 silly resolveWithNewModule bcrypt@0.8.7 checking installable status
79 silly cache add args [ 'bcrypt@^0.8.0', null ]
80 verbose cache add spec bcrypt@^0.8.0
81 silly cache add parsed spec Result {
81 silly cache add   raw: 'bcrypt@^0.8.0',
81 silly cache add   scope: null,
81 silly cache add   escapedName: 'bcrypt',
81 silly cache add   name: 'bcrypt',
81 silly cache add   rawSpec: '^0.8.0',
81 silly cache add   spec: '>=0.8.0 <0.9.0',
81 silly cache add   type: 'range' }
82 silly addNamed bcrypt@>=0.8.0 <0.9.0
83 verbose addNamed ">=0.8.0 <0.9.0" is a valid semver range for bcrypt
84 silly addNameRange { name: 'bcrypt', range: '>=0.8.0 <0.9.0', hasData: false }
85 silly mapToRegistry name bcrypt
86 silly mapToRegistry using default registry
87 silly mapToRegistry registry https://registry.npmjs.org/
88 silly mapToRegistry data Result {
88 silly mapToRegistry   raw: 'bcrypt',
88 silly mapToRegistry   scope: null,
88 silly mapToRegistry   escapedName: 'bcrypt',
88 silly mapToRegistry   name: 'bcrypt',
88 silly mapToRegistry   rawSpec: '',
88 silly mapToRegistry   spec: 'latest',
88 silly mapToRegistry   type: 'tag' }
89 silly mapToRegistry uri https://registry.npmjs.org/bcrypt
90 verbose addNameRange registry:https://registry.npmjs.org/bcrypt not in flight; fetching
91 verbose get https://registry.npmjs.org/bcrypt not expired, no request
92 silly addNameRange number 2 { name: 'bcrypt', range: '>=0.8.0 <0.9.0', hasData: true }
93 silly addNameRange versions [ 'bcrypt',
93 silly addNameRange   [ '0.1.2',
93 silly addNameRange     '0.2.0',
93 silly addNameRange     '0.2.1',
93 silly addNameRange     '0.1.3',
93 silly addNameRange     '0.2.2',
93 silly addNameRange     '0.2.3',
93 silly addNameRange     '0.2.4',
93 silly addNameRange     '0.3.0',
93 silly addNameRange     '0.3.1',
93 silly addNameRange     '0.3.2',
93 silly addNameRange     '0.4.0',
93 silly addNameRange     '0.4.1',
93 silly addNameRange     '0.5.0',
93 silly addNameRange     '0.6.0',
93 silly addNameRange     '0.7.0',
93 silly addNameRange     '0.7.1',
93 silly addNameRange     '0.7.2',
93 silly addNameRange     '0.7.3',
93 silly addNameRange     '0.7.4',
93 silly addNameRange     '0.7.5',
93 silly addNameRange     '0.7.6',
93 silly addNameRange     '0.7.7',
93 silly addNameRange     '0.7.8',
93 silly addNameRange     '0.8.0',
93 silly addNameRange     '0.8.1',
93 silly addNameRange     '0.8.2',
93 silly addNameRange     '0.8.3',
93 silly addNameRange     '0.8.4',
93 silly addNameRange     '0.8.5',
93 silly addNameRange     '0.8.6',
93 silly addNameRange     '0.8.7',
93 silly addNameRange     '1.0.0',
93 silly addNameRange     '1.0.1',
93 silly addNameRange     '1.0.2',
93 silly addNameRange     '1.0.3' ] ]
94 silly addNamed bcrypt@0.8.7
95 verbose addNamed "0.8.7" is a plain semver version for bcrypt
96 silly cache afterAdd bcrypt@0.8.7
97 verbose afterAdd C:\Users\Zach\AppData\Roaming\npm-cache\bcrypt\0.8.7\package\package.json not in flight; writing
98 verbose correctMkdir C:\Users\Zach\AppData\Roaming\npm-cache correctMkdir not in flight; initializing
99 verbose afterAdd C:\Users\Zach\AppData\Roaming\npm-cache\bcrypt\0.8.7\package\package.json written
100 silly fetchNamedPackageData bindings
101 silly mapToRegistry name bindings
102 silly mapToRegistry using default registry
103 silly mapToRegistry registry https://registry.npmjs.org/
104 silly mapToRegistry data Result {
104 silly mapToRegistry   raw: 'bindings',
104 silly mapToRegistry   scope: null,
104 silly mapToRegistry   escapedName: 'bindings',
104 silly mapToRegistry   name: 'bindings',
104 silly mapToRegistry   rawSpec: '',
104 silly mapToRegistry   spec: 'latest',
104 silly mapToRegistry   type: 'tag' }
105 silly mapToRegistry uri https://registry.npmjs.org/bindings
106 silly fetchNamedPackageData nan
107 silly mapToRegistry name nan
108 silly mapToRegistry using default registry
109 silly mapToRegistry registry https://registry.npmjs.org/
110 silly mapToRegistry data Result {
110 silly mapToRegistry   raw: 'nan',
110 silly mapToRegistry   scope: null,
110 silly mapToRegistry   escapedName: 'nan',
110 silly mapToRegistry   name: 'nan',
110 silly mapToRegistry   rawSpec: '',
110 silly mapToRegistry   spec: 'latest',
110 silly mapToRegistry   type: 'tag' }
111 silly mapToRegistry uri https://registry.npmjs.org/nan
112 verbose request uri https://registry.npmjs.org/bindings
113 verbose request no auth needed
114 info attempt registry request try #1 at 14:06:25
115 verbose etag W/"5a1d3205-4c42"
116 verbose lastModified Tue, 28 Nov 2017 09:53:09 GMT
117 http request GET https://registry.npmjs.org/bindings
118 verbose request uri https://registry.npmjs.org/nan
119 verbose request no auth needed
120 info attempt registry request try #1 at 14:06:25
121 verbose etag W/"5a0c2640-20c10"
122 verbose lastModified Wed, 15 Nov 2017 11:34:24 GMT
123 http request GET https://registry.npmjs.org/nan
124 http 304 https://registry.npmjs.org/bindings
125 verbose headers { date: 'Mon, 04 Dec 2017 19:06:26 GMT',
125 verbose headers   via: '1.1 varnish',
125 verbose headers   'cache-control': 'max-age=300',
125 verbose headers   etag: 'W/"5a1d3205-4c42"',
125 verbose headers   age: '102',
125 verbose headers   connection: 'keep-alive',
125 verbose headers   'x-served-by': 'cache-iad2623-IAD',
125 verbose headers   'x-cache': 'HIT',
125 verbose headers   'x-cache-hits': '1',
125 verbose headers   'x-timer': 'S1512414387.723429,VS0,VE1',
125 verbose headers   vary: 'Accept-Encoding, Accept' }
126 silly get cb [ 304,
126 silly get   { date: 'Mon, 04 Dec 2017 19:06:26 GMT',
126 silly get     via: '1.1 varnish',
126 silly get     'cache-control': 'max-age=300',
126 silly get     etag: 'W/"5a1d3205-4c42"',
126 silly get     age: '102',
126 silly get     connection: 'keep-alive',
126 silly get     'x-served-by': 'cache-iad2623-IAD',
126 silly get     'x-cache': 'HIT',
126 silly get     'x-cache-hits': '1',
126 silly get     'x-timer': 'S1512414387.723429,VS0,VE1',
126 silly get     vary: 'Accept-Encoding, Accept' } ]
127 verbose etag https://registry.npmjs.org/bindings from cache
128 verbose get saving bindings to C:\Users\Zach\AppData\Roaming\npm-cache\registry.npmjs.org\bindings\.cache.json
129 verbose correctMkdir C:\Users\Zach\AppData\Roaming\npm-cache correctMkdir not in flight; initializing
130 silly resolveWithNewModule bindings@1.2.1 checking installable status
131 silly cache add args [ 'bindings@1.2.1', null ]
132 verbose cache add spec bindings@1.2.1
133 silly cache add parsed spec Result {
133 silly cache add   raw: 'bindings@1.2.1',
133 silly cache add   scope: null,
133 silly cache add   escapedName: 'bindings',
133 silly cache add   name: 'bindings',
133 silly cache add   rawSpec: '1.2.1',
133 silly cache add   spec: '1.2.1',
133 silly cache add   type: 'version' }
134 silly addNamed bindings@1.2.1
135 verbose addNamed "1.2.1" is a plain semver version for bindings
136 silly mapToRegistry name bindings
137 silly mapToRegistry using default registry
138 silly mapToRegistry registry https://registry.npmjs.org/
139 silly mapToRegistry data Result {
139 silly mapToRegistry   raw: 'bindings',
139 silly mapToRegistry   scope: null,
139 silly mapToRegistry   escapedName: 'bindings',
139 silly mapToRegistry   name: 'bindings',
139 silly mapToRegistry   rawSpec: '',
139 silly mapToRegistry   spec: 'latest',
139 silly mapToRegistry   type: 'tag' }
140 silly mapToRegistry uri https://registry.npmjs.org/bindings
141 verbose addNameVersion registry:https://registry.npmjs.org/bindings not in flight; fetching
142 verbose get https://registry.npmjs.org/bindings not expired, no request
143 silly cache afterAdd bindings@1.2.1
144 verbose afterAdd C:\Users\Zach\AppData\Roaming\npm-cache\bindings\1.2.1\package\package.json not in flight; writing
145 verbose correctMkdir C:\Users\Zach\AppData\Roaming\npm-cache correctMkdir not in flight; initializing
146 verbose afterAdd C:\Users\Zach\AppData\Roaming\npm-cache\bindings\1.2.1\package\package.json written
147 http 304 https://registry.npmjs.org/nan
148 verbose headers { date: 'Mon, 04 Dec 2017 19:06:26 GMT',
148 verbose headers   via: '1.1 varnish',
148 verbose headers   'cache-control': 'max-age=300',
148 verbose headers   etag: 'W/"5a0c2640-20c10"',
148 verbose headers   age: '68',
148 verbose headers   connection: 'keep-alive',
148 verbose headers   'x-served-by': 'cache-iad2143-IAD',
148 verbose headers   'x-cache': 'HIT',
148 verbose headers   'x-cache-hits': '3',
148 verbose headers   'x-timer': 'S1512414387.792645,VS0,VE0',
148 verbose headers   vary: 'Accept-Encoding, Accept' }
149 silly get cb [ 304,
149 silly get   { date: 'Mon, 04 Dec 2017 19:06:26 GMT',
149 silly get     via: '1.1 varnish',
149 silly get     'cache-control': 'max-age=300',
149 silly get     etag: 'W/"5a0c2640-20c10"',
149 silly get     age: '68',
149 silly get     connection: 'keep-alive',
149 silly get     'x-served-by': 'cache-iad2143-IAD',
149 silly get     'x-cache': 'HIT',
149 silly get     'x-cache-hits': '3',
149 silly get     'x-timer': 'S1512414387.792645,VS0,VE0',
149 silly get     vary: 'Accept-Encoding, Accept' } ]
150 verbose etag https://registry.npmjs.org/nan from cache
151 verbose get saving nan to C:\Users\Zach\AppData\Roaming\npm-cache\registry.npmjs.org\nan\.cache.json
152 verbose correctMkdir C:\Users\Zach\AppData\Roaming\npm-cache correctMkdir not in flight; initializing
153 silly resolveWithNewModule nan@2.3.5 checking installable status
154 silly cache add args [ 'nan@2.3.5', null ]
155 verbose cache add spec nan@2.3.5
156 silly cache add parsed spec Result {
156 silly cache add   raw: 'nan@2.3.5',
156 silly cache add   scope: null,
156 silly cache add   escapedName: 'nan',
156 silly cache add   name: 'nan',
156 silly cache add   rawSpec: '2.3.5',
156 silly cache add   spec: '2.3.5',
156 silly cache add   type: 'version' }
157 silly addNamed nan@2.3.5
158 verbose addNamed "2.3.5" is a plain semver version for nan
159 silly mapToRegistry name nan
160 silly mapToRegistry using default registry
161 silly mapToRegistry registry https://registry.npmjs.org/
162 silly mapToRegistry data Result {
162 silly mapToRegistry   raw: 'nan',
162 silly mapToRegistry   scope: null,
162 silly mapToRegistry   escapedName: 'nan',
162 silly mapToRegistry   name: 'nan',
162 silly mapToRegistry   rawSpec: '',
162 silly mapToRegistry   spec: 'latest',
162 silly mapToRegistry   type: 'tag' }
163 silly mapToRegistry uri https://registry.npmjs.org/nan
164 verbose addNameVersion registry:https://registry.npmjs.org/nan not in flight; fetching
165 verbose get https://registry.npmjs.org/nan not expired, no request
166 silly cache afterAdd nan@2.3.5
167 verbose afterAdd C:\Users\Zach\AppData\Roaming\npm-cache\nan\2.3.5\package\package.json not in flight; writing
168 verbose correctMkdir C:\Users\Zach\AppData\Roaming\npm-cache correctMkdir not in flight; initializing
169 verbose afterAdd C:\Users\Zach\AppData\Roaming\npm-cache\nan\2.3.5\package\package.json written
170 silly loadAllDepsIntoIdealTree Finishing
171 silly loadIdealTree Finishing
172 silly currentTree hw1@1.0.0
172 silly currentTree +-- abbrev@1.1.1
172 silly currentTree +-- accepts@1.3.4
172 silly currentTree +-- ajv@5.5.1
172 silly currentTree +-- ansi-regex@2.1.1
172 silly currentTree +-- aproba@1.2.0
172 silly currentTree +-- are-we-there-yet@1.1.4
172 silly currentTree +-- array-flatten@1.1.1
172 silly currentTree +-- asn1@0.2.3
172 silly currentTree +-- assert-plus@1.0.0
172 silly currentTree +-- async@2.1.4
172 silly currentTree +-- asynckit@0.4.0
172 silly currentTree +-- aws-sign2@0.7.0
172 silly currentTree +-- aws4@1.6.0
172 silly currentTree +-- balanced-match@1.0.0
172 silly currentTree +-- bcrypt-pbkdf@1.0.1
172 silly currentTree +-- bcrypt@1.0.3
172 silly currentTree +-- block-stream@0.0.9
172 silly currentTree +-- bluebird@3.5.0
172 silly currentTree +-- body-parser@1.18.2
172 silly currentTree +-- boom@4.3.1
172 silly currentTree +-- brace-expansion@1.1.8
172 silly currentTree +-- bson@1.0.4
172 silly currentTree +-- buffer-shims@1.0.0
172 silly currentTree +-- bytes@3.0.0
172 silly currentTree +-- caseless@0.12.0
172 silly currentTree +-- co@4.6.0
172 silly currentTree +-- code-point-at@1.1.0
172 silly currentTree +-- combined-stream@1.0.5
172 silly currentTree +-- concat-map@0.0.1
172 silly currentTree +-- console-control-strings@1.1.0
172 silly currentTree +-- content-disposition@0.5.2
172 silly currentTree +-- content-type@1.0.4
172 silly currentTree +-- cookie-signature@1.0.6
172 silly currentTree +-- cookie@0.3.1
172 silly currentTree +-- core-util-is@1.0.2
172 silly currentTree +-- crc@3.4.4
172 silly currentTree +-- cryptiles@3.1.2
172 silly currentTree | `-- boom@5.2.0
172 silly currentTree +-- dashdash@1.14.1
172 silly currentTree +-- debug@2.6.9
172 silly currentTree +-- deep-extend@0.4.2
172 silly currentTree +-- delayed-stream@1.0.0
172 silly currentTree +-- delegates@1.0.0
172 silly currentTree +-- depd@1.1.1
172 silly currentTree +-- destroy@1.0.4
172 silly currentTree +-- ecc-jsbn@0.1.1
172 silly currentTree +-- ee-first@1.1.1
172 silly currentTree +-- ejs@2.5.7
172 silly currentTree +-- encodeurl@1.0.1
172 silly currentTree +-- es6-promise@3.2.1
172 silly currentTree +-- escape-html@1.0.3
172 silly currentTree +-- etag@1.8.1
172 silly currentTree +-- express-session@1.15.6
172 silly currentTree +-- express@4.16.2
172 silly currentTree +-- extend@3.0.1
172 silly currentTree +-- extsprintf@1.3.0
172 silly currentTree +-- fast-deep-equal@1.0.0
172 silly currentTree +-- fast-json-stable-stringify@2.0.0
172 silly currentTree +-- finalhandler@1.1.0
172 silly currentTree +-- forever-agent@0.6.1
172 silly currentTree +-- form-data@2.3.1
172 silly currentTree +-- forwarded@0.1.2
172 silly currentTree +-- fresh@0.5.2
172 silly currentTree +-- fs.realpath@1.0.0
172 silly currentTree +-- fstream-ignore@1.0.5
172 silly currentTree +-- fstream@1.0.11
172 silly currentTree +-- gauge@2.7.4
172 silly currentTree +-- getpass@0.1.7
172 silly currentTree +-- glob@7.1.2
172 silly currentTree +-- graceful-fs@4.1.11
172 silly currentTree +-- har-schema@2.0.0
172 silly currentTree +-- har-validator@5.0.3
172 silly currentTree +-- has-unicode@2.0.1
172 silly currentTree +-- hawk@6.0.2
172 silly currentTree +-- hoek@4.2.0
172 silly currentTree +-- hooks-fixed@2.0.2
172 silly currentTree +-- http-errors@1.6.2
172 silly currentTree | `-- setprototypeof@1.0.3
172 silly currentTree +-- http-signature@1.2.0
172 silly currentTree +-- iconv-lite@0.4.19
172 silly currentTree +-- inflight@1.0.6
172 silly currentTree +-- inherits@2.0.3
172 silly currentTree +-- ini@1.3.5
172 silly currentTree +-- ipaddr.js@1.5.2
172 silly currentTree +-- is-fullwidth-code-point@1.0.0
172 silly currentTree +-- is-typedarray@1.0.0
172 silly currentTree +-- isarray@1.0.0
172 silly currentTree +-- isstream@0.1.2
172 silly currentTree +-- jsbn@0.1.1
172 silly currentTree +-- json-schema-traverse@0.3.1
172 silly currentTree +-- json-schema@0.2.3
172 silly currentTree +-- json-stringify-safe@5.0.1
172 silly currentTree +-- jsprim@1.4.1
172 silly currentTree +-- kareem@1.5.0
172 silly currentTree +-- lodash.get@4.4.2
172 silly currentTree +-- lodash@4.17.4
172 silly currentTree +-- media-typer@0.3.0
172 silly currentTree +-- merge-descriptors@1.0.1
172 silly currentTree +-- methods@1.1.2
172 silly currentTree +-- mime-db@1.30.0
172 silly currentTree +-- mime-types@2.1.17
172 silly currentTree +-- mime@1.4.1
172 silly currentTree +-- minimatch@3.0.4
172 silly currentTree +-- minimist@0.0.8
172 silly currentTree +-- mkdirp@0.5.1
172 silly currentTree +-- mongodb-core@2.1.17
172 silly currentTree +-- mongodb@2.2.33
172 silly currentTree +-- mongoose@4.13.5
172 silly currentTree +-- mpath@0.3.0
172 silly currentTree +-- mpromise@0.5.5
172 silly currentTree +-- mquery@2.3.3
172 silly currentTree | `-- sliced@0.0.5
172 silly currentTree +-- ms@2.0.0
172 silly currentTree +-- muri@1.3.0
172 silly currentTree +-- nan@2.6.2
172 silly currentTree +-- negotiator@0.6.1
172 silly currentTree +-- node-pre-gyp@0.6.36
172 silly currentTree +-- nopt@4.0.1
172 silly currentTree +-- npmlog@4.1.2
172 silly currentTree +-- number-is-nan@1.0.1
172 silly currentTree +-- oauth-sign@0.8.2
172 silly currentTree +-- object-assign@4.1.1
172 silly currentTree +-- on-finished@2.3.0
172 silly currentTree +-- on-headers@1.0.1
172 silly currentTree +-- once@1.4.0
172 silly currentTree +-- os-homedir@1.0.2
172 silly currentTree +-- os-tmpdir@1.0.2
172 silly currentTree +-- osenv@0.1.4
172 silly currentTree +-- parseurl@1.3.2
172 silly currentTree +-- path-is-absolute@1.0.1
172 silly currentTree +-- path-to-regexp@0.1.7
172 silly currentTree +-- performance-now@2.1.0
172 silly currentTree +-- process-nextick-args@1.0.7
172 silly currentTree +-- proxy-addr@2.0.2
172 silly currentTree +-- punycode@1.4.1
172 silly currentTree +-- qs@6.5.1
172 silly currentTree +-- random-bytes@1.0.0
172 silly currentTree +-- range-parser@1.2.0
172 silly currentTree +-- raw-body@2.3.2
172 silly currentTree +-- rc@1.2.2
172 silly currentTree | `-- minimist@1.2.0
172 silly currentTree +-- readable-stream@2.2.7
172 silly currentTree +-- regexp-clone@0.0.1
172 silly currentTree +-- request@2.83.0
172 silly currentTree +-- require_optional@1.0.1
172 silly currentTree +-- resolve-from@2.0.0
172 silly currentTree +-- rimraf@2.6.2
172 silly currentTree +-- safe-buffer@5.1.1
172 silly currentTree +-- semver@5.4.1
172 silly currentTree +-- send@0.16.1
172 silly currentTree +-- serve-static@1.13.1
172 silly currentTree +-- set-blocking@2.0.0
172 silly currentTree +-- setprototypeof@1.1.0
172 silly currentTree +-- signal-exit@3.0.2
172 silly currentTree +-- sliced@1.0.1
172 silly currentTree +-- sntp@2.1.0
172 silly currentTree +-- sshpk@1.13.1
172 silly currentTree +-- statuses@1.3.1
172 silly currentTree +-- string_decoder@1.0.3
172 silly currentTree +-- string-width@1.0.2
172 silly currentTree +-- stringstream@0.0.5
172 silly currentTree +-- strip-ansi@3.0.1
172 silly currentTree +-- strip-json-comments@2.0.1
172 silly currentTree +-- tar-pack@3.4.1
172 silly currentTree +-- tar@2.2.1
172 silly currentTree +-- tough-cookie@2.3.3
172 silly currentTree +-- tunnel-agent@0.6.0
172 silly currentTree +-- tweetnacl@0.14.5
172 silly currentTree +-- type-is@1.6.15
172 silly currentTree +-- uid-number@0.0.6
172 silly currentTree +-- uid-safe@2.1.5
172 silly currentTree +-- unpipe@1.0.0
172 silly currentTree +-- util-deprecate@1.0.2
172 silly currentTree +-- utils-merge@1.0.1
172 silly currentTree +-- uuid@3.1.0
172 silly currentTree +-- vary@1.1.2
172 silly currentTree +-- verror@1.10.0
172 silly currentTree +-- when@3.7.8
172 silly currentTree +-- wide-align@1.1.2
172 silly currentTree `-- wrappy@1.0.2
173 silly idealTree hw1@1.0.0
173 silly idealTree +-- abbrev@1.1.1
173 silly idealTree +-- accepts@1.3.4
173 silly idealTree +-- ajv@5.5.1
173 silly idealTree +-- ansi-regex@2.1.1
173 silly idealTree +-- aproba@1.2.0
173 silly idealTree +-- are-we-there-yet@1.1.4
173 silly idealTree +-- array-flatten@1.1.1
173 silly idealTree +-- asn1@0.2.3
173 silly idealTree +-- assert-plus@1.0.0
173 silly idealTree +-- async@2.1.4
173 silly idealTree +-- asynckit@0.4.0
173 silly idealTree +-- aws-sign2@0.7.0
173 silly idealTree +-- aws4@1.6.0
173 silly idealTree +-- balanced-match@1.0.0
173 silly idealTree +-- bcrypt-as-promised@1.1.0
173 silly idealTree | +-- bcrypt@0.8.7
173 silly idealTree | `-- nan@2.3.5
173 silly idealTree +-- bcrypt-pbkdf@1.0.1
173 silly idealTree +-- bcrypt@1.0.3
173 silly idealTree +-- bindings@1.2.1
173 silly idealTree +-- block-stream@0.0.9
173 silly idealTree +-- bluebird@3.5.0
173 silly idealTree +-- body-parser@1.18.2
173 silly idealTree +-- boom@4.3.1
173 silly idealTree +-- brace-expansion@1.1.8
173 silly idealTree +-- bson@1.0.4
173 silly idealTree +-- buffer-shims@1.0.0
173 silly idealTree +-- bytes@3.0.0
173 silly idealTree +-- caseless@0.12.0
173 silly idealTree +-- co@4.6.0
173 silly idealTree +-- code-point-at@1.1.0
173 silly idealTree +-- combined-stream@1.0.5
173 silly idealTree +-- concat-map@0.0.1
173 silly idealTree +-- console-control-strings@1.1.0
173 silly idealTree +-- content-disposition@0.5.2
173 silly idealTree +-- content-type@1.0.4
173 silly idealTree +-- cookie-signature@1.0.6
173 silly idealTree +-- cookie@0.3.1
173 silly idealTree +-- core-util-is@1.0.2
173 silly idealTree +-- crc@3.4.4
173 silly idealTree +-- cryptiles@3.1.2
173 silly idealTree | `-- boom@5.2.0
173 silly idealTree +-- dashdash@1.14.1
173 silly idealTree +-- debug@2.6.9
173 silly idealTree +-- deep-extend@0.4.2
173 silly idealTree +-- delayed-stream@1.0.0
173 silly idealTree +-- delegates@1.0.0
173 silly idealTree +-- depd@1.1.1
173 silly idealTree +-- destroy@1.0.4
173 silly idealTree +-- ecc-jsbn@0.1.1
173 silly idealTree +-- ee-first@1.1.1
173 silly idealTree +-- ejs@2.5.7
173 silly idealTree +-- encodeurl@1.0.1
173 silly idealTree +-- es6-promise@3.2.1
173 silly idealTree +-- escape-html@1.0.3
173 silly idealTree +-- etag@1.8.1
173 silly idealTree +-- express-session@1.15.6
173 silly idealTree +-- express@4.16.2
173 silly idealTree +-- extend@3.0.1
173 silly idealTree +-- extsprintf@1.3.0
173 silly idealTree +-- fast-deep-equal@1.0.0
173 silly idealTree +-- fast-json-stable-stringify@2.0.0
173 silly idealTree +-- finalhandler@1.1.0
173 silly idealTree +-- forever-agent@0.6.1
173 silly idealTree +-- form-data@2.3.1
173 silly idealTree +-- forwarded@0.1.2
173 silly idealTree +-- fresh@0.5.2
173 silly idealTree +-- fs.realpath@1.0.0
173 silly idealTree +-- fstream-ignore@1.0.5
173 silly idealTree +-- fstream@1.0.11
173 silly idealTree +-- gauge@2.7.4
173 silly idealTree +-- getpass@0.1.7
173 silly idealTree +-- glob@7.1.2
173 silly idealTree +-- graceful-fs@4.1.11
173 silly idealTree +-- har-schema@2.0.0
173 silly idealTree +-- har-validator@5.0.3
173 silly idealTree +-- has-unicode@2.0.1
173 silly idealTree +-- hawk@6.0.2
173 silly idealTree +-- hoek@4.2.0
173 silly idealTree +-- hooks-fixed@2.0.2
173 silly idealTree +-- http-errors@1.6.2
173 silly idealTree | `-- setprototypeof@1.0.3
173 silly idealTree +-- http-signature@1.2.0
173 silly idealTree +-- iconv-lite@0.4.19
173 silly idealTree +-- inflight@1.0.6
173 silly idealTree +-- inherits@2.0.3
173 silly idealTree +-- ini@1.3.5
173 silly idealTree +-- ipaddr.js@1.5.2
173 silly idealTree +-- is-fullwidth-code-point@1.0.0
173 silly idealTree +-- is-typedarray@1.0.0
173 silly idealTree +-- isarray@1.0.0
173 silly idealTree +-- isstream@0.1.2
173 silly idealTree +-- jsbn@0.1.1
173 silly idealTree +-- json-schema-traverse@0.3.1
173 silly idealTree +-- json-schema@0.2.3
173 silly idealTree +-- json-stringify-safe@5.0.1
173 silly idealTree +-- jsprim@1.4.1
173 silly idealTree +-- kareem@1.5.0
173 silly idealTree +-- lodash.get@4.4.2
173 silly idealTree +-- lodash@4.17.4
173 silly idealTree +-- media-typer@0.3.0
173 silly idealTree +-- merge-descriptors@1.0.1
173 silly idealTree +-- methods@1.1.2
173 silly idealTree +-- mime-db@1.30.0
173 silly idealTree +-- mime-types@2.1.17
173 silly idealTree +-- mime@1.4.1
173 silly idealTree +-- minimatch@3.0.4
173 silly idealTree +-- minimist@0.0.8
173 silly idealTree +-- mkdirp@0.5.1
173 silly idealTree +-- mongodb-core@2.1.17
173 silly idealTree +-- mongodb@2.2.33
173 silly idealTree +-- mongoose@4.13.5
173 silly idealTree +-- mpath@0.3.0
173 silly idealTree +-- mpromise@0.5.5
173 silly idealTree +-- mquery@2.3.3
173 silly idealTree | `-- sliced@0.0.5
173 silly idealTree +-- ms@2.0.0
173 silly idealTree +-- muri@1.3.0
173 silly idealTree +-- nan@2.6.2
173 silly idealTree +-- negotiator@0.6.1
173 silly idealTree +-- node-pre-gyp@0.6.36
173 silly idealTree +-- nopt@4.0.1
173 silly idealTree +-- npmlog@4.1.2
173 silly idealTree +-- number-is-nan@1.0.1
173 silly idealTree +-- oauth-sign@0.8.2
173 silly idealTree +-- object-assign@4.1.1
173 silly idealTree +-- on-finished@2.3.0
173 silly idealTree +-- on-headers@1.0.1
173 silly idealTree +-- once@1.4.0
173 silly idealTree +-- os-homedir@1.0.2
173 silly idealTree +-- os-tmpdir@1.0.2
173 silly idealTree +-- osenv@0.1.4
173 silly idealTree +-- parseurl@1.3.2
173 silly idealTree +-- path-is-absolute@1.0.1
173 silly idealTree +-- path-to-regexp@0.1.7
173 silly idealTree +-- performance-now@2.1.0
173 silly idealTree +-- process-nextick-args@1.0.7
173 silly idealTree +-- proxy-addr@2.0.2
173 silly idealTree +-- punycode@1.4.1
173 silly idealTree +-- qs@6.5.1
173 silly idealTree +-- random-bytes@1.0.0
173 silly idealTree +-- range-parser@1.2.0
173 silly idealTree +-- raw-body@2.3.2
173 silly idealTree +-- rc@1.2.2
173 silly idealTree | `-- minimist@1.2.0
173 silly idealTree +-- readable-stream@2.2.7
173 silly idealTree +-- regexp-clone@0.0.1
173 silly idealTree +-- request@2.83.0
173 silly idealTree +-- require_optional@1.0.1
173 silly idealTree +-- resolve-from@2.0.0
173 silly idealTree +-- rimraf@2.6.2
173 silly idealTree +-- safe-buffer@5.1.1
173 silly idealTree +-- semver@5.4.1
173 silly idealTree +-- send@0.16.1
173 silly idealTree +-- serve-static@1.13.1
173 silly idealTree +-- set-blocking@2.0.0
173 silly idealTree +-- setprototypeof@1.1.0
173 silly idealTree +-- signal-exit@3.0.2
173 silly idealTree +-- sliced@1.0.1
173 silly idealTree +-- sntp@2.1.0
173 silly idealTree +-- sshpk@1.13.1
173 silly idealTree +-- statuses@1.3.1
173 silly idealTree +-- string_decoder@1.0.3
173 silly idealTree +-- string-width@1.0.2
173 silly idealTree +-- stringstream@0.0.5
173 silly idealTree +-- strip-ansi@3.0.1
173 silly idealTree +-- strip-json-comments@2.0.1
173 silly idealTree +-- tar-pack@3.4.1
173 silly idealTree +-- tar@2.2.1
173 silly idealTree +-- tough-cookie@2.3.3
173 silly idealTree +-- tunnel-agent@0.6.0
173 silly idealTree +-- tweetnacl@0.14.5
173 silly idealTree +-- type-is@1.6.15
173 silly idealTree +-- uid-number@0.0.6
173 silly idealTree +-- uid-safe@2.1.5
173 silly idealTree +-- unpipe@1.0.0
173 silly idealTree +-- util-deprecate@1.0.2
173 silly idealTree +-- utils-merge@1.0.1
173 silly idealTree +-- uuid@3.1.0
173 silly idealTree +-- vary@1.1.2
173 silly idealTree +-- verror@1.10.0
173 silly idealTree +-- when@3.7.8
173 silly idealTree +-- wide-align@1.1.2
173 silly idealTree `-- wrappy@1.0.2
174 silly generateActionsToTake Starting
175 silly install generateActionsToTake
176 silly generateActionsToTake Finishing
177 silly diffTrees action count 4
178 silly diffTrees add nan@2.3.5
179 silly diffTrees add bindings@1.2.1
180 silly diffTrees add bcrypt@0.8.7
181 silly diffTrees add bcrypt-as-promised@1.1.0
182 silly decomposeActions action count 32
183 silly decomposeActions fetch nan@2.3.5
184 silly decomposeActions extract nan@2.3.5
185 silly decomposeActions test nan@2.3.5
186 silly decomposeActions preinstall nan@2.3.5
187 silly decomposeActions build nan@2.3.5
188 silly decomposeActions install nan@2.3.5
189 silly decomposeActions postinstall nan@2.3.5
190 silly decomposeActions finalize nan@2.3.5
191 silly decomposeActions fetch bindings@1.2.1
192 silly decomposeActions extract bindings@1.2.1
193 silly decomposeActions test bindings@1.2.1
194 silly decomposeActions preinstall bindings@1.2.1
195 silly decomposeActions build bindings@1.2.1
196 silly decomposeActions install bindings@1.2.1
197 silly decomposeActions postinstall bindings@1.2.1
198 silly decomposeActions finalize bindings@1.2.1
199 silly decomposeActions fetch bcrypt@0.8.7
200 silly decomposeActions extract bcrypt@0.8.7
201 silly decomposeActions test bcrypt@0.8.7
202 silly decomposeActions preinstall bcrypt@0.8.7
203 silly decomposeActions build bcrypt@0.8.7
204 silly decomposeActions install bcrypt@0.8.7
205 silly decomposeActions postinstall bcrypt@0.8.7
206 silly decomposeActions finalize bcrypt@0.8.7
207 silly decomposeActions fetch bcrypt-as-promised@1.1.0
208 silly decomposeActions extract bcrypt-as-promised@1.1.0
209 silly decomposeActions test bcrypt-as-promised@1.1.0
210 silly decomposeActions preinstall bcrypt-as-promised@1.1.0
211 silly decomposeActions build bcrypt-as-promised@1.1.0
212 silly decomposeActions install bcrypt-as-promised@1.1.0
213 silly decomposeActions postinstall bcrypt-as-promised@1.1.0
214 silly decomposeActions finalize bcrypt-as-promised@1.1.0
215 silly runTopLevelLifecycles Starting
216 silly executeActions Starting
217 silly install executeActions
218 silly doSerial global-install 0
219 silly doParallel fetch 4
220 verbose correctMkdir C:\Users\Zach\AppData\Roaming\npm-cache\_locks correctMkdir not in flight; initializing
221 verbose lock using C:\Users\Zach\AppData\Roaming\npm-cache\_locks\staging-64544f22073b50b4.lock for c:\Users\Zach\Desktop\dojoAssignments\Mean\Mongo\LandR\example\node_modules\.staging
222 silly doParallel extract 4
223 silly extract nan@2.3.5
224 silly extract bindings@1.2.1
225 silly extract bcrypt@0.8.7
226 silly extract bcrypt-as-promised@1.1.0
227 verbose unbuild node_modules\.staging\nan-ec161b4a
228 verbose unbuild node_modules\.staging\bindings-7c9cc8c5
229 verbose unbuild node_modules\.staging\bcrypt-6d0cf418
230 verbose unbuild node_modules\.staging\bcrypt-as-promised-e66a6e73
231 silly gentlyRm c:\Users\Zach\Desktop\dojoAssignments\Mean\Mongo\LandR\example\node_modules\.staging\nan-ec161b4a is being purged from base c:\Users\Zach\Desktop\dojoAssignments\Mean\Mongo\LandR\example
232 verbose gentlyRm don't care about contents; nuking c:\Users\Zach\Desktop\dojoAssignments\Mean\Mongo\LandR\example\node_modules\.staging\nan-ec161b4a
233 silly gentlyRm c:\Users\Zach\Desktop\dojoAssignments\Mean\Mongo\LandR\example\node_modules\.staging\bindings-7c9cc8c5 is being purged from base c:\Users\Zach\Desktop\dojoAssignments\Mean\Mongo\LandR\example
234 verbose gentlyRm don't care about contents; nuking c:\Users\Zach\Desktop\dojoAssignments\Mean\Mongo\LandR\example\node_modules\.staging\bindings-7c9cc8c5
235 silly gentlyRm c:\Users\Zach\Desktop\dojoAssignments\Mean\Mongo\LandR\example\node_modules\.staging\bcrypt-6d0cf418 is being purged from base c:\Users\Zach\Desktop\dojoAssignments\Mean\Mongo\LandR\example
236 verbose gentlyRm don't care about contents; nuking c:\Users\Zach\Desktop\dojoAssignments\Mean\Mongo\LandR\example\node_modules\.staging\bcrypt-6d0cf418
237 verbose tar unpack C:\Users\Zach\AppData\Roaming\npm-cache\nan\2.3.5\package.tgz
238 verbose tar unpacking to c:\Users\Zach\Desktop\dojoAssignments\Mean\Mongo\LandR\example\node_modules\.staging\nan-ec161b4a
239 silly gentlyRm c:\Users\Zach\Desktop\dojoAssignments\Mean\Mongo\LandR\example\node_modules\.staging\nan-ec161b4a is being purged
240 verbose gentlyRm don't care about contents; nuking c:\Users\Zach\Desktop\dojoAssignments\Mean\Mongo\LandR\example\node_modules\.staging\nan-ec161b4a
241 verbose tar unpack C:\Users\Zach\AppData\Roaming\npm-cache\bindings\1.2.1\package.tgz
242 verbose tar unpacking to c:\Users\Zach\Desktop\dojoAssignments\Mean\Mongo\LandR\example\node_modules\.staging\bindings-7c9cc8c5
243 silly gentlyRm c:\Users\Zach\Desktop\dojoAssignments\Mean\Mongo\LandR\example\node_modules\.staging\bindings-7c9cc8c5 is being purged
244 verbose gentlyRm don't care about contents; nuking c:\Users\Zach\Desktop\dojoAssignments\Mean\Mongo\LandR\example\node_modules\.staging\bindings-7c9cc8c5
245 verbose tar unpack C:\Users\Zach\AppData\Roaming\npm-cache\bcrypt\0.8.7\package.tgz
246 verbose tar unpacking to c:\Users\Zach\Desktop\dojoAssignments\Mean\Mongo\LandR\example\node_modules\.staging\bcrypt-6d0cf418
247 silly gentlyRm c:\Users\Zach\Desktop\dojoAssignments\Mean\Mongo\LandR\example\node_modules\.staging\bcrypt-6d0cf418 is being purged
248 verbose gentlyRm don't care about contents; nuking c:\Users\Zach\Desktop\dojoAssignments\Mean\Mongo\LandR\example\node_modules\.staging\bcrypt-6d0cf418
249 silly gunzTarPerm modes [ '777', '666' ]
250 silly gunzTarPerm modes [ '777', '666' ]
251 silly gentlyRm c:\Users\Zach\Desktop\dojoAssignments\Mean\Mongo\LandR\example\node_modules\.staging\bcrypt-as-promised-e66a6e73 is being purged from base c:\Users\Zach\Desktop\dojoAssignments\Mean\Mongo\LandR\example
252 verbose gentlyRm don't care about contents; nuking c:\Users\Zach\Desktop\dojoAssignments\Mean\Mongo\LandR\example\node_modules\.staging\bcrypt-as-promised-e66a6e73
253 silly gunzTarPerm modes [ '777', '666' ]
254 verbose tar unpack C:\Users\Zach\AppData\Roaming\npm-cache\bcrypt-as-promised\1.1.0\package.tgz
255 verbose tar unpacking to c:\Users\Zach\Desktop\dojoAssignments\Mean\Mongo\LandR\example\node_modules\.staging\bcrypt-as-promised-e66a6e73
256 silly gentlyRm c:\Users\Zach\Desktop\dojoAssignments\Mean\Mongo\LandR\example\node_modules\.staging\bcrypt-as-promised-e66a6e73 is being purged
257 verbose gentlyRm don't care about contents; nuking c:\Users\Zach\Desktop\dojoAssignments\Mean\Mongo\LandR\example\node_modules\.staging\bcrypt-as-promised-e66a6e73
258 silly gunzTarPerm modes [ '777', '666' ]
259 silly gunzTarPerm extractEntry package.json
260 silly gunzTarPerm modified mode [ 'package.json', 436, 438 ]
261 silly gunzTarPerm extractEntry package.json
262 silly gunzTarPerm modified mode [ 'package.json', 420, 438 ]
263 silly gunzTarPerm extractEntry package.json
264 silly gunzTarPerm modified mode [ 'package.json', 420, 438 ]
265 silly gunzTarPerm extractEntry package.json
266 silly gunzTarPerm modified mode [ 'package.json', 420, 438 ]
267 silly gunzTarPerm extractEntry README.md
268 silly gunzTarPerm modified mode [ 'README.md', 436, 438 ]
269 silly gunzTarPerm extractEntry README.md
270 silly gunzTarPerm modified mode [ 'README.md', 420, 438 ]
271 silly gunzTarPerm extractEntry bindings.js
272 silly gunzTarPerm modified mode [ 'bindings.js', 420, 438 ]
273 silly gunzTarPerm extractEntry include_dirs.js
274 silly gunzTarPerm modified mode [ 'include_dirs.js', 436, 438 ]
275 silly gunzTarPerm extractEntry .npmignore
276 silly gunzTarPerm modified mode [ '.npmignore', 420, 438 ]
277 silly gunzTarPerm extractEntry README.md
278 silly gunzTarPerm modified mode [ 'README.md', 420, 438 ]
279 silly gunzTarPerm extractEntry .npmignore
280 silly gunzTarPerm modified mode [ '.npmignore', 420, 438 ]
281 silly gunzTarPerm extractEntry LICENSE
282 silly gunzTarPerm modified mode [ 'LICENSE', 420, 438 ]
283 silly gunzTarPerm extractEntry nan_converters.h
284 silly gunzTarPerm modified mode [ 'nan_converters.h', 436, 438 ]
285 silly gunzTarPerm extractEntry LICENSE.md
286 silly gunzTarPerm modified mode [ 'LICENSE.md', 436, 438 ]
287 silly gunzTarPerm extractEntry doc/node_misc.md
288 silly gunzTarPerm modified mode [ 'doc/node_misc.md', 436, 438 ]
289 silly gunzTarPerm extractEntry LICENSE
290 silly gunzTarPerm modified mode [ 'LICENSE', 420, 438 ]
291 silly gunzTarPerm extractEntry bcrypt.js
292 silly gunzTarPerm modified mode [ 'bcrypt.js', 420, 438 ]
293 silly gunzTarPerm extractEntry Makefile
294 silly gunzTarPerm modified mode [ 'Makefile', 420, 438 ]
295 silly gunzTarPerm extractEntry .travis.yml
296 silly gunzTarPerm modified mode [ '.travis.yml', 420, 438 ]
297 silly gunzTarPerm extractEntry CHANGELOG.md
298 silly gunzTarPerm modified mode [ 'CHANGELOG.md', 420, 438 ]
299 silly gunzTarPerm extractEntry binding.gyp
300 silly gunzTarPerm modified mode [ 'binding.gyp', 420, 438 ]
301 silly gunzTarPerm extractEntry examples/async_compare.js
302 silly gunzTarPerm modified mode [ 'examples/async_compare.js', 420, 438 ]
303 silly gunzTarPerm extractEntry examples/forever_gen_salt.js
304 silly gunzTarPerm modified mode [ 'examples/forever_gen_salt.js', 420, 438 ]
305 silly gunzTarPerm extractEntry test/async.js
306 silly gunzTarPerm modified mode [ 'test/async.js', 420, 438 ]
307 silly gunzTarPerm extractEntry test/repetitions.js
308 silly gunzTarPerm modified mode [ 'test/repetitions.js', 420, 438 ]
309 silly gunzTarPerm extractEntry test/sync.js
310 silly gunzTarPerm modified mode [ 'test/sync.js', 420, 438 ]
311 silly gunzTarPerm extractEntry ISSUE_TEMPLATE.md
312 silly gunzTarPerm modified mode [ 'ISSUE_TEMPLATE.md', 420, 438 ]
313 silly gunzTarPerm extractEntry src/bcrypt.cc
314 silly gunzTarPerm modified mode [ 'src/bcrypt.cc', 420, 438 ]
315 silly gunzTarPerm extractEntry src/bcrypt_node.cc
316 silly gunzTarPerm modified mode [ 'src/bcrypt_node.cc', 420, 438 ]
317 silly gunzTarPerm extractEntry src/blowfish.cc
318 silly gunzTarPerm modified mode [ 'src/blowfish.cc', 420, 438 ]
319 silly gunzTarPerm extractEntry src/node_blf.h
320 silly gunzTarPerm modified mode [ 'src/node_blf.h', 420, 438 ]
321 silly gunzTarPerm extractEntry werker.yml
322 silly gunzTarPerm modified mode [ 'werker.yml', 420, 438 ]
323 silly gunzTarPerm extractEntry doc/asyncworker.md
324 silly gunzTarPerm modified mode [ 'doc/asyncworker.md', 436, 438 ]
325 silly gunzTarPerm extractEntry index.js
326 silly gunzTarPerm modified mode [ 'index.js', 420, 438 ]
327 silly gunzTarPerm extractEntry .travis.yml
328 silly gunzTarPerm modified mode [ '.travis.yml', 420, 438 ]
329 silly gunzTarPerm extractEntry Readme.md
330 silly gunzTarPerm modified mode [ 'Readme.md', 420, 438 ]
331 silly gunzTarPerm extractEntry test/index.js
332 silly gunzTarPerm modified mode [ 'test/index.js', 420, 438 ]
333 silly gunzTarPerm extractEntry doc/callback.md
334 silly gunzTarPerm modified mode [ 'doc/callback.md', 436, 438 ]
335 silly gunzTarPerm extractEntry doc/converters.md
336 silly gunzTarPerm modified mode [ 'doc/converters.md', 436, 438 ]
337 silly gunzTarPerm extractEntry doc/errors.md
338 silly gunzTarPerm modified mode [ 'doc/errors.md', 436, 438 ]
339 silly gunzTarPerm extractEntry doc/maybe_types.md
340 silly gunzTarPerm modified mode [ 'doc/maybe_types.md', 436, 438 ]
341 silly gunzTarPerm extractEntry doc/methods.md
342 silly gunzTarPerm modified mode [ 'doc/methods.md', 436, 438 ]
343 silly gunzTarPerm extractEntry doc/new.md
344 silly gunzTarPerm modified mode [ 'doc/new.md', 436, 438 ]
345 silly gentlyRm c:\Users\Zach\Desktop\dojoAssignments\Mean\Mongo\LandR\example\node_modules\.staging\bindings-7c9cc8c5\node_modules is being purged
346 verbose gentlyRm don't care about contents; nuking c:\Users\Zach\Desktop\dojoAssignments\Mean\Mongo\LandR\example\node_modules\.staging\bindings-7c9cc8c5\node_modules
347 silly gunzTarPerm extractEntry doc/buffers.md
348 silly gunzTarPerm modified mode [ 'doc/buffers.md', 436, 438 ]
349 silly gunzTarPerm extractEntry doc/object_wrappers.md
350 silly gunzTarPerm modified mode [ 'doc/object_wrappers.md', 436, 438 ]
351 silly gunzTarPerm extractEntry doc/persistent.md
352 silly gunzTarPerm modified mode [ 'doc/persistent.md', 436, 438 ]
353 silly gunzTarPerm extractEntry doc/scopes.md
354 silly gunzTarPerm modified mode [ 'doc/scopes.md', 436, 438 ]
355 silly gunzTarPerm extractEntry doc/script.md
356 silly gunzTarPerm modified mode [ 'doc/script.md', 436, 438 ]
357 silly gunzTarPerm extractEntry doc/string_bytes.md
358 silly gunzTarPerm modified mode [ 'doc/string_bytes.md', 436, 438 ]
359 silly gunzTarPerm extractEntry doc/v8_internals.md
360 silly gunzTarPerm modified mode [ 'doc/v8_internals.md', 436, 438 ]
361 silly gunzTarPerm extractEntry doc/v8_misc.md
362 silly gunzTarPerm modified mode [ 'doc/v8_misc.md', 436, 438 ]
363 silly gentlyRm c:\Users\Zach\Desktop\dojoAssignments\Mean\Mongo\LandR\example\node_modules\.staging\bcrypt-as-promised-e66a6e73\node_modules is being purged
364 verbose gentlyRm don't care about contents; nuking c:\Users\Zach\Desktop\dojoAssignments\Mean\Mongo\LandR\example\node_modules\.staging\bcrypt-as-promised-e66a6e73\node_modules
365 silly gunzTarPerm extractEntry nan.h
366 silly gunzTarPerm modified mode [ 'nan.h', 436, 438 ]
367 silly gunzTarPerm extractEntry nan_callbacks.h
368 silly gunzTarPerm modified mode [ 'nan_callbacks.h', 436, 438 ]
369 silly gunzTarPerm extractEntry nan_callbacks_12_inl.h
370 silly gunzTarPerm modified mode [ 'nan_callbacks_12_inl.h', 436, 438 ]
371 silly gunzTarPerm extractEntry nan_callbacks_pre_12_inl.h
372 silly gunzTarPerm modified mode [ 'nan_callbacks_pre_12_inl.h', 436, 438 ]
373 silly gunzTarPerm extractEntry nan_converters_43_inl.h
374 silly gunzTarPerm modified mode [ 'nan_converters_43_inl.h', 436, 438 ]
375 silly gunzTarPerm extractEntry nan_converters_pre_43_inl.h
376 silly gunzTarPerm modified mode [ 'nan_converters_pre_43_inl.h', 436, 438 ]
377 silly gunzTarPerm extractEntry nan_implementation_12_inl.h
378 silly gunzTarPerm modified mode [ 'nan_implementation_12_inl.h', 436, 438 ]
379 silly gunzTarPerm extractEntry nan_implementation_pre_12_inl.h
380 silly gunzTarPerm modified mode [ 'nan_implementation_pre_12_inl.h', 436, 438 ]
381 silly gunzTarPerm extractEntry nan_maybe_43_inl.h
382 silly gunzTarPerm modified mode [ 'nan_maybe_43_inl.h', 436, 438 ]
383 silly gunzTarPerm extractEntry nan_maybe_pre_43_inl.h
384 silly gunzTarPerm modified mode [ 'nan_maybe_pre_43_inl.h', 436, 438 ]
385 silly gunzTarPerm extractEntry nan_new.h
386 silly gunzTarPerm modified mode [ 'nan_new.h', 436, 438 ]
387 silly gunzTarPerm extractEntry nan_object_wrap.h
388 silly gunzTarPerm modified mode [ 'nan_object_wrap.h', 436, 438 ]
389 silly gunzTarPerm extractEntry nan_persistent_12_inl.h
390 silly gunzTarPerm modified mode [ 'nan_persistent_12_inl.h', 436, 438 ]
391 silly gunzTarPerm extractEntry nan_persistent_pre_12_inl.h
392 silly gunzTarPerm modified mode [ 'nan_persistent_pre_12_inl.h', 436, 438 ]
393 silly gunzTarPerm extractEntry nan_string_bytes.h
394 silly gunzTarPerm modified mode [ 'nan_string_bytes.h', 436, 438 ]
395 silly gunzTarPerm extractEntry nan_typedarray_contents.h
396 silly gunzTarPerm modified mode [ 'nan_typedarray_contents.h', 436, 438 ]
397 silly gunzTarPerm extractEntry nan_weak.h
398 silly gunzTarPerm modified mode [ 'nan_weak.h', 436, 438 ]
399 silly gunzTarPerm extractEntry CHANGELOG.md
400 silly gunzTarPerm modified mode [ 'CHANGELOG.md', 436, 438 ]
401 silly gunzTarPerm extractEntry tools/package.json
402 silly gunzTarPerm modified mode [ 'tools/package.json', 436, 438 ]
403 silly gunzTarPerm extractEntry tools/README.md
404 silly gunzTarPerm modified mode [ 'tools/README.md', 436, 438 ]
405 silly gunzTarPerm extractEntry tools/1to2.js
406 silly gunzTarPerm modified mode [ 'tools/1to2.js', 509, 511 ]
407 silly gentlyRm c:\Users\Zach\Desktop\dojoAssignments\Mean\Mongo\LandR\example\node_modules\.staging\bcrypt-6d0cf418\node_modules is being purged
408 verbose gentlyRm don't care about contents; nuking c:\Users\Zach\Desktop\dojoAssignments\Mean\Mongo\LandR\example\node_modules\.staging\bcrypt-6d0cf418\node_modules
409 silly gentlyRm c:\Users\Zach\Desktop\dojoAssignments\Mean\Mongo\LandR\example\node_modules\.staging\nan-ec161b4a\node_modules is being purged
410 verbose gentlyRm don't care about contents; nuking c:\Users\Zach\Desktop\dojoAssignments\Mean\Mongo\LandR\example\node_modules\.staging\nan-ec161b4a\node_modules
411 silly doParallel preinstall 4
412 silly preinstall nan@2.3.5 c:\Users\Zach\Desktop\dojoAssignments\Mean\Mongo\LandR\example\node_modules\.staging\nan-ec161b4a
413 info lifecycle nan@2.3.5~preinstall: nan@2.3.5
414 silly preinstall bindings@1.2.1 c:\Users\Zach\Desktop\dojoAssignments\Mean\Mongo\LandR\example\node_modules\.staging\bindings-7c9cc8c5
415 info lifecycle bindings@1.2.1~preinstall: bindings@1.2.1
416 silly preinstall bcrypt@0.8.7 c:\Users\Zach\Desktop\dojoAssignments\Mean\Mongo\LandR\example\node_modules\.staging\bcrypt-6d0cf418
417 info lifecycle bcrypt@0.8.7~preinstall: bcrypt@0.8.7
418 silly preinstall bcrypt-as-promised@1.1.0 c:\Users\Zach\Desktop\dojoAssignments\Mean\Mongo\LandR\example\node_modules\.staging\bcrypt-as-promised-e66a6e73
419 info lifecycle bcrypt-as-promised@1.1.0~preinstall: bcrypt-as-promised@1.1.0
420 silly lifecycle nan@2.3.5~preinstall: no script for preinstall, continuing
421 silly lifecycle bindings@1.2.1~preinstall: no script for preinstall, continuing
422 silly lifecycle bcrypt@0.8.7~preinstall: no script for preinstall, continuing
423 silly lifecycle bcrypt-as-promised@1.1.0~preinstall: no script for preinstall, continuing
424 silly doReverseSerial remove 0
425 silly doSerial move 0
426 silly doSerial finalize 4
427 silly finalize c:\Users\Zach\Desktop\dojoAssignments\Mean\Mongo\LandR\example\node_modules\bcrypt-as-promised\node_modules\nan
428 silly finalize c:\Users\Zach\Desktop\dojoAssignments\Mean\Mongo\LandR\example\node_modules\bindings
429 silly finalize c:\Users\Zach\Desktop\dojoAssignments\Mean\Mongo\LandR\example\node_modules\bcrypt-as-promised\node_modules\bcrypt
430 silly finalize c:\Users\Zach\Desktop\dojoAssignments\Mean\Mongo\LandR\example\node_modules\bcrypt-as-promised
431 silly doSerial build 4
432 silly build nan@2.3.5
433 info linkStuff nan@2.3.5
434 silly linkStuff nan@2.3.5 has c:\Users\Zach\Desktop\dojoAssignments\Mean\Mongo\LandR\example\node_modules\bcrypt-as-promised\node_modules as its parent node_modules
435 verbose linkBins nan@2.3.5
436 verbose linkMans nan@2.3.5
437 silly build bindings@1.2.1
438 info linkStuff bindings@1.2.1
439 silly linkStuff bindings@1.2.1 has c:\Users\Zach\Desktop\dojoAssignments\Mean\Mongo\LandR\example\node_modules as its parent node_modules
440 verbose linkBins bindings@1.2.1
441 verbose linkMans bindings@1.2.1
442 silly build bcrypt@0.8.7
443 info linkStuff bcrypt@0.8.7
444 silly linkStuff bcrypt@0.8.7 has c:\Users\Zach\Desktop\dojoAssignments\Mean\Mongo\LandR\example\node_modules\bcrypt-as-promised\node_modules as its parent node_modules
445 verbose linkBins bcrypt@0.8.7
446 verbose linkMans bcrypt@0.8.7
447 silly build bcrypt-as-promised@1.1.0
448 info linkStuff bcrypt-as-promised@1.1.0
449 silly linkStuff bcrypt-as-promised@1.1.0 has c:\Users\Zach\Desktop\dojoAssignments\Mean\Mongo\LandR\example\node_modules as its parent node_modules
450 verbose linkBins bcrypt-as-promised@1.1.0
451 verbose linkMans bcrypt-as-promised@1.1.0
452 silly doSerial global-link 0
453 silly doParallel update-linked 0
454 silly doSerial install 4
455 silly install nan@2.3.5 c:\Users\Zach\Desktop\dojoAssignments\Mean\Mongo\LandR\example\node_modules\.staging\nan-ec161b4a
456 info lifecycle nan@2.3.5~install: nan@2.3.5
457 silly lifecycle nan@2.3.5~install: no script for install, continuing
458 silly install bindings@1.2.1 c:\Users\Zach\Desktop\dojoAssignments\Mean\Mongo\LandR\example\node_modules\.staging\bindings-7c9cc8c5
459 info lifecycle bindings@1.2.1~install: bindings@1.2.1
460 silly lifecycle bindings@1.2.1~install: no script for install, continuing
461 silly install bcrypt@0.8.7 c:\Users\Zach\Desktop\dojoAssignments\Mean\Mongo\LandR\example\node_modules\.staging\bcrypt-6d0cf418
462 info lifecycle bcrypt@0.8.7~install: bcrypt@0.8.7
463 verbose lifecycle bcrypt@0.8.7~install: unsafe-perm in lifecycle true
464 verbose lifecycle bcrypt@0.8.7~install: PATH: C:\Users\Zach\AppData\Roaming\npm\node_modules\npm\bin\node-gyp-bin;c:\Users\Zach\Desktop\dojoAssignments\Mean\Mongo\LandR\example\node_modules\bcrypt-as-promised\node_modules\bcrypt\node_modules\.bin;c:\Users\Zach\Desktop\dojoAssignments\Mean\Mongo\LandR\example\node_modules\bcrypt-as-promised\node_modules\.bin;c:\Users\Zach\Desktop\dojoAssignments\Mean\Mongo\LandR\example\node_modules\.bin;C:\Python27\;C:\Python27\Scripts;C:\Program Files (x86)\Ruby23-x64\bin;C:\Program Files (x86)\Lenovo\FusionEngine;C:\Program Files (x86)\Intel\iCLS Client\;C:\Program Files\Intel\iCLS Client\;C:\WINDOWS\system32;C:\WINDOWS;C:\WINDOWS\System32\Wbem;C:\WINDOWS\System32\WindowsPowerShell\v1.0\;C:\Program Files\Intel\Intel(R) Management Engine Components\DAL;C:\Program Files\Intel\Intel(R) Management Engine Components\IPT;C:\Program Files (x86)\Intel\Intel(R) Management Engine Components\DAL;C:\Program Files (x86)\Intel\Intel(R) Management Engine Components\IPT;C:\Program Files (x86)\Common Files\lenovo\easyplussdk\bin;C:\Program Files (x86)\Lenovo\Motion Control\;C:\Program Files (x86)\Windows Live\Shared;C:\Program Files\Git\cmd;C:\Program Files\MySQL\MySQL Utilities 1.6\;C:\Program Files\nodejs\;C:\Program Files\Ruby23-x64\bin;C:\Program Files (x86)\Ruby23-x64\bin;C:\Ruby23-x64\bin;C:\Users\Zach\AppData\Local\Microsoft\WindowsApps;C:\Program Files\Microsoft VS Code\bin;C:\Python27;C:\Python27\Scripts;C:\Python27\Lib;C:\Program Files\MySQL\MySQL Server 5.7\bin;C:\Program Files\MySQL;C:\Users\Zach\AppData\Roaming\npm
465 verbose lifecycle bcrypt@0.8.7~install: CWD: c:\Users\Zach\Desktop\dojoAssignments\Mean\Mongo\LandR\example\node_modules\bcrypt-as-promised\node_modules\bcrypt
466 silly lifecycle bcrypt@0.8.7~install: Args: [ '/d /s /c', 'node-gyp rebuild' ]
467 silly lifecycle bcrypt@0.8.7~install: Returned: code: 1  signal: null
468 info lifecycle bcrypt@0.8.7~install: Failed to exec install script
469 verbose unlock done using C:\Users\Zach\AppData\Roaming\npm-cache\_locks\staging-64544f22073b50b4.lock for c:\Users\Zach\Desktop\dojoAssignments\Mean\Mongo\LandR\example\node_modules\.staging
470 silly rollbackFailedOptional Starting
471 silly rollbackFailedOptional Finishing
472 silly runTopLevelLifecycles Finishing
473 silly install printInstalled
474 warn hw1@1.0.0 No description
475 verbose If you need help, you may report this error at:
475 verbose     <https://github.com/npm/npm/issues>
476 warn hw1@1.0.0 No repository field.
477 verbose If you need help, you may report this error at:
477 verbose     <https://github.com/npm/npm/issues>
478 verbose stack Error: bcrypt@0.8.7 install: `node-gyp rebuild`
478 verbose stack Exit status 1
478 verbose stack     at EventEmitter.<anonymous> (C:\Users\Zach\AppData\Roaming\npm\node_modules\npm\lib\utils\lifecycle.js:255:16)
478 verbose stack     at emitTwo (events.js:126:13)
478 verbose stack     at EventEmitter.emit (events.js:214:7)
478 verbose stack     at ChildProcess.<anonymous> (C:\Users\Zach\AppData\Roaming\npm\node_modules\npm\lib\utils\spawn.js:40:14)
478 verbose stack     at emitTwo (events.js:126:13)
478 verbose stack     at ChildProcess.emit (events.js:214:7)
478 verbose stack     at maybeClose (internal/child_process.js:925:16)
478 verbose stack     at Process.ChildProcess._handle.onexit (internal/child_process.js:209:5)
479 verbose pkgid bcrypt@0.8.7
480 verbose cwd c:\Users\Zach\Desktop\dojoAssignments\Mean\Mongo\LandR\example
481 error Windows_NT 10.0.14393
482 error argv "C:\\Program Files\\nodejs\\node.exe" "C:\\Users\\Zach\\AppData\\Roaming\\npm\\node_modules\\npm\\bin\\npm-cli.js" "install" "--save" "bcrypt-as-promised"
483 error node v8.9.1
484 error npm  v3.10.10
485 error code ELIFECYCLE
486 error bcrypt@0.8.7 install: `node-gyp rebuild`
486 error Exit status 1
487 error Failed at the bcrypt@0.8.7 install script 'node-gyp rebuild'.
487 error Make sure you have the latest version of node.js and npm installed.
487 error If you do, this is most likely a problem with the bcrypt package,
487 error not with npm itself.
487 error Tell the author that this fails on your system:
487 error     node-gyp rebuild
487 error You can get information on how to open an issue for this project with:
487 error     npm bugs bcrypt
487 error Or if that isn't available, you can get their info via:
487 error     npm owner ls bcrypt
487 error There is likely additional logging output above.
488 verbose exit [ 1, true ]
